0 info it worked if it ends with ok
1 verbose cli [ 'node', '/usr/local/bin/npm', 'publish' ]
2 info using npm@1.3.17
3 info using node@v0.10.23
4 verbose publish [ '.' ]
5 verbose cache add [ '.', null ]
6 verbose cache add name=undefined spec="." args=[".",null]
7 verbose parsed url { protocol: null,
7 verbose parsed url   slashes: null,
7 verbose parsed url   auth: null,
7 verbose parsed url   host: null,
7 verbose parsed url   port: null,
7 verbose parsed url   hostname: null,
7 verbose parsed url   hash: null,
7 verbose parsed url   search: null,
7 verbose parsed url   query: null,
7 verbose parsed url   pathname: '.',
7 verbose parsed url   path: '.',
7 verbose parsed url   href: '.' }
8 silly lockFile 3a52ce78- .
9 verbose lock . /Users/rasmus/.npm/3a52ce78-.lock
10 verbose tar pack [ '/var/folders/yr/480rbmc95jsdxggfs25m7crr0000gn/T/npm-1726-iexT4dxW/1390902217824-0.17152039846405387/tmp.tgz',
10 verbose tar pack   '.' ]
11 verbose tarball /var/folders/yr/480rbmc95jsdxggfs25m7crr0000gn/T/npm-1726-iexT4dxW/1390902217824-0.17152039846405387/tmp.tgz
12 verbose folder .
13 info prepublish headset@0.2.3
14 silly lockFile 1f1177db-tar tar://.
15 verbose lock tar://. /Users/rasmus/.npm/1f1177db-tar.lock
16 silly lockFile 598fcf34-7824-0-17152039846405387-tmp-tgz tar:///var/folders/yr/480rbmc95jsdxggfs25m7crr0000gn/T/npm-1726-iexT4dxW/1390902217824-0.17152039846405387/tmp.tgz
17 verbose lock tar:///var/folders/yr/480rbmc95jsdxggfs25m7crr0000gn/T/npm-1726-iexT4dxW/1390902217824-0.17152039846405387/tmp.tgz /Users/rasmus/.npm/598fcf34-7824-0-17152039846405387-tmp-tgz.lock
18 silly lockFile 1f1177db-tar tar://.
19 silly lockFile 1f1177db-tar tar://.
20 silly lockFile 598fcf34-7824-0-17152039846405387-tmp-tgz tar:///var/folders/yr/480rbmc95jsdxggfs25m7crr0000gn/T/npm-1726-iexT4dxW/1390902217824-0.17152039846405387/tmp.tgz
21 silly lockFile 598fcf34-7824-0-17152039846405387-tmp-tgz tar:///var/folders/yr/480rbmc95jsdxggfs25m7crr0000gn/T/npm-1726-iexT4dxW/1390902217824-0.17152039846405387/tmp.tgz
22 verbose tar unpack /var/folders/yr/480rbmc95jsdxggfs25m7crr0000gn/T/npm-1726-iexT4dxW/1390902217824-0.17152039846405387/tmp.tgz
23 silly lockFile 61af430d-7824-0-17152039846405387-package tar:///var/folders/yr/480rbmc95jsdxggfs25m7crr0000gn/T/npm-1726-iexT4dxW/1390902217824-0.17152039846405387/package
24 verbose lock tar:///var/folders/yr/480rbmc95jsdxggfs25m7crr0000gn/T/npm-1726-iexT4dxW/1390902217824-0.17152039846405387/package /Users/rasmus/.npm/61af430d-7824-0-17152039846405387-package.lock
25 silly lockFile 598fcf34-7824-0-17152039846405387-tmp-tgz tar:///var/folders/yr/480rbmc95jsdxggfs25m7crr0000gn/T/npm-1726-iexT4dxW/1390902217824-0.17152039846405387/tmp.tgz
26 verbose lock tar:///var/folders/yr/480rbmc95jsdxggfs25m7crr0000gn/T/npm-1726-iexT4dxW/1390902217824-0.17152039846405387/tmp.tgz /Users/rasmus/.npm/598fcf34-7824-0-17152039846405387-tmp-tgz.lock
27 silly gunzTarPerm modes [ '755', '644' ]
28 silly gunzTarPerm extractEntry package.json
29 silly gunzTarPerm extractEntry .npmignore
30 silly gunzTarPerm extractEntry README.md
31 silly gunzTarPerm extractEntry lib/headset.js
32 silly gunzTarPerm extractEntry lib/hidfinder.js
33 silly gunzTarPerm extractEntry lib/index.js
34 silly gunzTarPerm extractEntry supported.json
35 silly gunzTarPerm extractEntry test/index.js
36 silly lockFile 61af430d-7824-0-17152039846405387-package tar:///var/folders/yr/480rbmc95jsdxggfs25m7crr0000gn/T/npm-1726-iexT4dxW/1390902217824-0.17152039846405387/package
37 silly lockFile 61af430d-7824-0-17152039846405387-package tar:///var/folders/yr/480rbmc95jsdxggfs25m7crr0000gn/T/npm-1726-iexT4dxW/1390902217824-0.17152039846405387/package
38 silly lockFile 598fcf34-7824-0-17152039846405387-tmp-tgz tar:///var/folders/yr/480rbmc95jsdxggfs25m7crr0000gn/T/npm-1726-iexT4dxW/1390902217824-0.17152039846405387/tmp.tgz
39 silly lockFile 598fcf34-7824-0-17152039846405387-tmp-tgz tar:///var/folders/yr/480rbmc95jsdxggfs25m7crr0000gn/T/npm-1726-iexT4dxW/1390902217824-0.17152039846405387/tmp.tgz
40 verbose tar pack [ '/Users/rasmus/.npm/headset/0.2.3/package.tgz',
40 verbose tar pack   '/var/folders/yr/480rbmc95jsdxggfs25m7crr0000gn/T/npm-1726-iexT4dxW/1390902217824-0.17152039846405387/package' ]
41 verbose tarball /Users/rasmus/.npm/headset/0.2.3/package.tgz
42 verbose folder /var/folders/yr/480rbmc95jsdxggfs25m7crr0000gn/T/npm-1726-iexT4dxW/1390902217824-0.17152039846405387/package
43 silly lockFile 61af430d-7824-0-17152039846405387-package tar:///var/folders/yr/480rbmc95jsdxggfs25m7crr0000gn/T/npm-1726-iexT4dxW/1390902217824-0.17152039846405387/package
44 verbose lock tar:///var/folders/yr/480rbmc95jsdxggfs25m7crr0000gn/T/npm-1726-iexT4dxW/1390902217824-0.17152039846405387/package /Users/rasmus/.npm/61af430d-7824-0-17152039846405387-package.lock
45 silly lockFile 81d8b64a-us-npm-headset-0-2-3-package-tgz tar:///Users/rasmus/.npm/headset/0.2.3/package.tgz
46 verbose lock tar:///Users/rasmus/.npm/headset/0.2.3/package.tgz /Users/rasmus/.npm/81d8b64a-us-npm-headset-0-2-3-package-tgz.lock
47 silly lockFile 61af430d-7824-0-17152039846405387-package tar:///var/folders/yr/480rbmc95jsdxggfs25m7crr0000gn/T/npm-1726-iexT4dxW/1390902217824-0.17152039846405387/package
48 silly lockFile 61af430d-7824-0-17152039846405387-package tar:///var/folders/yr/480rbmc95jsdxggfs25m7crr0000gn/T/npm-1726-iexT4dxW/1390902217824-0.17152039846405387/package
49 silly lockFile 81d8b64a-us-npm-headset-0-2-3-package-tgz tar:///Users/rasmus/.npm/headset/0.2.3/package.tgz
50 silly lockFile 81d8b64a-us-npm-headset-0-2-3-package-tgz tar:///Users/rasmus/.npm/headset/0.2.3/package.tgz
51 silly lockFile f0011925-rasmus-npm-headset-0-2-3-package /Users/rasmus/.npm/headset/0.2.3/package
52 verbose lock /Users/rasmus/.npm/headset/0.2.3/package /Users/rasmus/.npm/f0011925-rasmus-npm-headset-0-2-3-package.lock
53 silly lockFile f0011925-rasmus-npm-headset-0-2-3-package /Users/rasmus/.npm/headset/0.2.3/package
54 silly lockFile f0011925-rasmus-npm-headset-0-2-3-package /Users/rasmus/.npm/headset/0.2.3/package
55 verbose tar unpack /Users/rasmus/.npm/headset/0.2.3/package.tgz
56 silly lockFile 5376cd4f-rasmus-npm-headset-0-2-3-package tar:///Users/rasmus/.npm/headset/0.2.3/package
57 verbose lock tar:///Users/rasmus/.npm/headset/0.2.3/package /Users/rasmus/.npm/5376cd4f-rasmus-npm-headset-0-2-3-package.lock
58 silly lockFile 81d8b64a-us-npm-headset-0-2-3-package-tgz tar:///Users/rasmus/.npm/headset/0.2.3/package.tgz
59 verbose lock tar:///Users/rasmus/.npm/headset/0.2.3/package.tgz /Users/rasmus/.npm/81d8b64a-us-npm-headset-0-2-3-package-tgz.lock
60 silly gunzTarPerm modes [ '755', '644' ]
61 silly gunzTarPerm extractEntry package.json
62 silly gunzTarPerm extractEntry .npmignore
63 silly gunzTarPerm extractEntry README.md
64 silly gunzTarPerm extractEntry lib/headset.js
65 silly gunzTarPerm extractEntry lib/hidfinder.js
66 silly gunzTarPerm extractEntry lib/index.js
67 silly gunzTarPerm extractEntry supported.json
68 silly gunzTarPerm extractEntry test/index.js
69 silly lockFile 5376cd4f-rasmus-npm-headset-0-2-3-package tar:///Users/rasmus/.npm/headset/0.2.3/package
70 silly lockFile 5376cd4f-rasmus-npm-headset-0-2-3-package tar:///Users/rasmus/.npm/headset/0.2.3/package
71 silly lockFile 81d8b64a-us-npm-headset-0-2-3-package-tgz tar:///Users/rasmus/.npm/headset/0.2.3/package.tgz
72 silly lockFile 81d8b64a-us-npm-headset-0-2-3-package-tgz tar:///Users/rasmus/.npm/headset/0.2.3/package.tgz
73 verbose chmod /Users/rasmus/.npm/headset/0.2.3/package.tgz 644
74 verbose chown /Users/rasmus/.npm/headset/0.2.3/package.tgz [ 501, 20 ]
75 silly lockFile 3a52ce78- .
76 silly lockFile 3a52ce78- .
77 silly publish { name: 'headset',
77 silly publish   version: '0.2.3',
77 silly publish   description: 'node library for headsets',
77 silly publish   main: './lib/index.js',
77 silly publish   author:
77 silly publish    { name: 'Rasmus Porsager',
77 silly publish      email: 'rasmus@porsager.com',
77 silly publish      url: 'https://github.com/porsager' },
77 silly publish   engines: { node: '>=0.8.0' },
77 silly publish   repository: { type: 'git', url: 'http://github.com/porsager/headset.git' },
77 silly publish   keywords: [ 'lync', 'uc', 'unified', 'communications', 'usb', 'hid' ],
77 silly publish   dependencies: { 'node-hid': '0.3.1' },
77 silly publish   homepage: 'https://github.com/porsager/headset',
77 silly publish   bugs: { url: 'https://github.com/porsager/headset/issues' },
77 silly publish   scripts: { test: 'node test' },
77 silly publish   license: 'MIT',
77 silly publish   readme: '#Headset for node\nA node.js library for headsets.\n\n## Install\n    npm install headset\n[*extra steps for node-webkit](#node-webkit)\n\n#Usage\n###Get a headset\n\n    var headset = require(\'headset\').get()\n\nOptionally pass you own options to find a headset\n\n    var headset = require(\'headset\').get(options);\n\n###Get all  headsets\n\n    require(\'headset\').devices();\n\nOptionally you can pass true to show all connected USB HID Devices. This can be useful if the Headset is not detected, or if you are trying out this library with unsupported devices.\n\n    require(\'headset\').devices(showUnsupported);\n\n###Events\n####connected\nThe connected event fires every time a headset connection is made. This will also fire after a automatic / manual reconnect.\n\n    headset.on(\'connected\', function(){\n        // it is now safe to write to the headset\n    });\n\n    headset.once // use this for code that should only run on the next connect (initialization)\n\n####disconnected\n\n    headset.on(\'error\', function(err){\n        // err contains details\n    });\n\n####Headset specific events\nYou can also listen to events specified in device configuration. (see supported.json)\n\n    headset.on(\'accept\', function() { //Call accepted });\n  \n###Methods\n####Connect\nThe connect method gives you the ability to issue a manual connect. This is done automatically the first time (when you get the headset).\n\n####Headset specific methods\nMethods specficified in a device configuration are also available to use. (see supported.json)\nIf you are unsure which headset is attached and if it supports a certain method, then check if it exists first.\n\n    if(headset.lightOn)\n      headset.lightOn();\n\n###Adding events (handle Reads from USB)\nIf you test your own unsupported device / features you can add events as follows\n\n    headset.addEvent(name, hexString);\n\n\n###Adding methods (write to USB)\nIf you test your own unsupported device / features you can add methods as follows\n\n    headset.addMethod(name, hexString);\n\n###Close method\nUse this when you are done using the headset\n\n    headset.close();\n\n#Supports\nAll USB Headsets with UC or Lync support should work, but only the following have been tested so far.\n* Jabra PRO 930\n* Logitech H820e\n* Jabra PRO 9470\n\n#Test\nCurrently testing is just to manually see if a headset works / can be found.\n###Trying an unsupported headset\nIf you want to try an unsupported headset just do npm test and follow the instructions. If a device is found that you can recognize, you can now use the details to manually .get(options) the headset. \nIf you find/add a working device it would be great if you report back here under issues or submit a pull request on supported.json.\n\n###<a name="node-webkit"></a>Node-webkit\nHeadset relies on node-hid. node-hid needs to be built for each platform and specific version of node-webkit, so to make it work you need build node-hid using nw-gyp\nhttps://github.com/rogerwang/node-webkit/wiki/Build-native-modules-with-nw-gyp\n',
77 silly publish   readmeFilename: 'README.md',
77 silly publish   _id: 'headset@0.2.3',
77 silly publish   dist: { shasum: 'b519db086a3863876942e229c1fabdbe2d6d617b' },
77 silly publish   _from: '.' }
78 verbose url raw headset
79 verbose url resolving [ 'https://registry.npmjs.org/', './headset' ]
80 verbose url resolved https://registry.npmjs.org/headset
81 info trying registry request attempt 1 at 10:43:37
82 http PUT https://registry.npmjs.org/headset
83 http 409 https://registry.npmjs.org/headset
84 verbose url raw headset
85 verbose url resolving [ 'https://registry.npmjs.org/', './headset' ]
86 verbose url resolved https://registry.npmjs.org/headset
87 info trying registry request attempt 1 at 10:43:38
88 http GET https://registry.npmjs.org/headset
89 http 200 https://registry.npmjs.org/headset
90 error publish fail Cannot publish over existing version.
90 error publish fail Update the 'version' field in package.json and try again.
90 error publish fail
90 error publish fail If the previous version was published in error, see:
90 error publish fail     npm help unpublish
90 error publish fail
90 error publish fail To automatically increment version numbers, see:
90 error publish fail     npm help version
91 error System Darwin 13.0.0
92 error command "node" "/usr/local/bin/npm" "publish"
93 error cwd /Users/rasmus/Projects/headset
94 error node -v v0.10.23
95 error npm -v 1.3.17
96 error code EPUBLISHCONFLICT
97 verbose exit [ 1, true ]
